{"level":"info","message":"API Gateway running on port 3000","service":"api-gateway","timestamp":"2025-10-04T19:11:17.849Z"}
{"level":"info","message":"Identity service is running on port http://localhost:3001","service":"api-gateway","timestamp":"2025-10-04T19:11:17.855Z"}
{"level":"info","message":"Redis Url is redis://localhost:6379","service":"api-gateway","timestamp":"2025-10-04T19:11:17.856Z"}
{"level":"info","message":"Received POST request to /v1/auth/register","service":"api-gateway","timestamp":"2025-10-04T19:12:22.850Z"}
{"email":"john@gmail.com","level":"info","message":"Request Body:","password":"pakistani1","service":"api-gateway","timestamp":"2025-10-04T19:12:22.909Z","username":"furqan1"}
{"level":"info","message":"Response from Identity Service for POST /register: 404","service":"api-gateway","timestamp":"2025-10-04T19:12:22.955Z"}
{"level":"info","message":"API Gateway running on port 3000","service":"api-gateway","timestamp":"2025-10-04T19:15:02.839Z"}
{"level":"info","message":"Identity service is running on port http://localhost:3001","service":"api-gateway","timestamp":"2025-10-04T19:15:02.849Z"}
{"level":"info","message":"Redis Url is redis://localhost:6379","service":"api-gateway","timestamp":"2025-10-04T19:15:02.851Z"}
{"level":"info","message":"Received POST request to /v1/auth/register","service":"api-gateway","timestamp":"2025-10-04T19:15:05.877Z"}
{"email":"john@gmail.com","level":"info","message":"Request Body:","password":"pakistani1","service":"api-gateway","timestamp":"2025-10-04T19:15:05.892Z","username":"furqan1"}
{"level":"info","message":"Response from Identity Service for POST /register: 201","service":"api-gateway","timestamp":"2025-10-04T19:15:06.178Z"}
{"level":"info","message":"Received POST request to /v1/auth/register","service":"api-gateway","timestamp":"2025-10-04T19:16:23.568Z"}
{"email":"john@gmail.com","level":"info","message":"Request Body:","password":"pakistani1","service":"api-gateway","timestamp":"2025-10-04T19:16:23.569Z","username":"furqan1"}
{"level":"info","message":"Response from Identity Service for POST /register: 400","service":"api-gateway","timestamp":"2025-10-04T19:16:23.579Z"}
{"level":"info","message":"API Gateway running on port 3000","service":"api-gateway","timestamp":"2025-10-05T22:16:49.860Z"}
{"level":"info","message":"Identity service is running on port http://localhost:3001","service":"api-gateway","timestamp":"2025-10-05T22:16:49.863Z"}
{"level":"info","message":"Redis Url is redis://localhost:6379","service":"api-gateway","timestamp":"2025-10-05T22:16:49.864Z"}
{"level":"info","message":"Received POST request to /v1/auth/login","service":"api-gateway","timestamp":"2025-10-05T22:17:18.835Z"}
{"email":"john@gmail.com","level":"info","message":"Request Body:","password":"pakistani1","service":"api-gateway","timestamp":"2025-10-05T22:17:18.836Z"}
{"level":"info","message":"Response from Identity Service for POST /login: 200","service":"api-gateway","timestamp":"2025-10-05T22:17:19.141Z"}
{"level":"info","message":"API Gateway running on port 3000","service":"api-gateway","timestamp":"2025-10-05T22:48:12.268Z"}
{"level":"info","message":"Identity service is running on port http://localhost:3001","service":"api-gateway","timestamp":"2025-10-05T22:48:12.277Z"}
{"level":"info","message":"Redis Url is redis://localhost:6379","service":"api-gateway","timestamp":"2025-10-05T22:48:12.279Z"}
{"level":"info","message":"API Gateway running on port 3000","service":"api-gateway","timestamp":"2025-10-05T23:24:20.730Z"}
{"level":"info","message":"Identity service is running on port http://localhost:3001","service":"api-gateway","timestamp":"2025-10-05T23:24:20.737Z"}
{"level":"info","message":"Redis Url is redis://localhost:6379","service":"api-gateway","timestamp":"2025-10-05T23:24:20.738Z"}
{"level":"info","message":"API Gateway running on port 3000","service":"api-gateway","timestamp":"2025-10-05T23:24:32.205Z"}
{"level":"info","message":"Identity service is running on port http://localhost:3001","service":"api-gateway","timestamp":"2025-10-05T23:24:32.210Z"}
{"level":"info","message":"Redis Url is redis://localhost:6379","service":"api-gateway","timestamp":"2025-10-05T23:24:32.211Z"}
{"level":"info","message":"API Gateway running on port 3000","service":"api-gateway","timestamp":"2025-10-05T23:28:19.768Z"}
{"level":"info","message":"Identity service is running on port http://localhost:3001","service":"api-gateway","timestamp":"2025-10-05T23:28:19.783Z"}
{"level":"info","message":"Redis Url is redis://localhost:6379","service":"api-gateway","timestamp":"2025-10-05T23:28:19.797Z"}
{"level":"info","message":"API Gateway running on port 3000","service":"api-gateway","timestamp":"2025-10-05T23:29:02.893Z"}
{"level":"info","message":"Identity service is running on port http://localhost:3001","service":"api-gateway","timestamp":"2025-10-05T23:29:02.905Z"}
{"level":"info","message":"Redis Url is redis://localhost:6379","service":"api-gateway","timestamp":"2025-10-05T23:29:02.910Z"}
{"level":"info","message":"API Gateway running on port 3000","service":"api-gateway","timestamp":"2025-10-05T23:30:14.356Z"}
{"level":"info","message":"Identity service is running on port http://localhost:3001","service":"api-gateway","timestamp":"2025-10-05T23:30:14.361Z"}
{"level":"info","message":"Redis Url is redis://localhost:6379","service":"api-gateway","timestamp":"2025-10-05T23:30:14.363Z"}
{"level":"info","message":"API Gateway running on port 3000","service":"api-gateway","timestamp":"2025-10-05T23:30:53.057Z"}
{"level":"info","message":"Identity service is running on port http://localhost:3001","service":"api-gateway","timestamp":"2025-10-05T23:30:53.065Z"}
{"level":"info","message":"Redis Url is redis://localhost:6379","service":"api-gateway","timestamp":"2025-10-05T23:30:53.067Z"}
{"level":"info","message":"API Gateway running on port 3000","service":"api-gateway","timestamp":"2025-10-05T23:31:23.238Z"}
{"level":"info","message":"Identity service is running on port http://localhost:3001","service":"api-gateway","timestamp":"2025-10-05T23:31:23.244Z"}
{"level":"info","message":"Redis Url is redis://localhost:6379","service":"api-gateway","timestamp":"2025-10-05T23:31:23.245Z"}
