{"level":"info","message":"Identity Service running on port 3002","service":"post-service","timestamp":"2025-10-05T23:22:06.131Z"}
{"level":"info","message":"Connected to MongoDB","service":"post-service","timestamp":"2025-10-05T23:22:06.211Z"}
{"level":"info","message":"Identity Service running on port 3002","service":"post-service","timestamp":"2025-10-09T10:07:08.893Z"}
{"level":"info","message":"Connected to MongoDB","service":"post-service","timestamp":"2025-10-09T10:07:08.998Z"}
{"level":"info","message":"Identity Service running on port 3002","service":"post-service","timestamp":"2025-10-09T10:13:45.462Z"}
{"level":"info","message":"Connected to MongoDB","service":"post-service","timestamp":"2025-10-09T10:13:45.521Z"}
{"level":"info","message":"Received POST request to /api/posts/create-post","service":"post-service","timestamp":"2025-10-09T10:16:15.901Z"}
{"content":"kjdhfksf","level":"info","message":"Request Body:","service":"post-service","timestamp":"2025-10-09T10:16:15.903Z"}
{"level":"info","message":"Identity Service running on port 3002","service":"post-service","timestamp":"2025-10-09T10:16:58.625Z"}
{"level":"info","message":"Connected to MongoDB","service":"post-service","timestamp":"2025-10-09T10:16:58.682Z"}
{"level":"info","message":"Received POST request to /api/posts/create-post","service":"post-service","timestamp":"2025-10-09T10:17:01.431Z"}
{"content":"kjdhfksf","level":"info","message":"Request Body:","service":"post-service","timestamp":"2025-10-09T10:17:01.433Z"}
{"level":"info","message":"Create Post endpoint hit","service":"post-service","timestamp":"2025-10-09T10:17:01.437Z"}
{"$__":{"$versionError":null,"activePaths":{"paths":{"content":"require","user":"require"},"states":{"default":{},"modify":{},"require":{"content":true,"user":true}}},"backup":{"activePaths":{"default":{"_id":true,"createdAt":true,"mediaIds":true},"modify":{"content":true,"updatedAt":true,"user":true}},"validationError":null},"cachedRequired":{},"inserting":true,"op":null,"saveOptions":null,"savedState":{},"saving":null,"validating":null},"$isNew":false,"_doc":{"__v":0,"_id":"68e78b9d02c0cd38c67c6973","content":"kjdhfksf","createdAt":"2025-10-09T10:17:01.454Z","mediaIds":[],"updatedAt":"2025-10-09T10:17:01.454Z","user":"68e1723acc2feb1b3afccce3"},"level":"info","message":"Post created successfully","service":"post-service","timestamp":"2025-10-09T10:17:01.496Z"}
{"level":"info","message":"Identity Service running on port 3002","service":"post-service","timestamp":"2025-10-09T10:17:48.027Z"}
{"level":"info","message":"Connected to MongoDB","service":"post-service","timestamp":"2025-10-09T10:17:48.083Z"}
{"level":"info","message":"Identity Service running on port 3002","service":"post-service","timestamp":"2025-10-09T10:32:02.385Z"}
{"level":"info","message":"Connected to MongoDB","service":"post-service","timestamp":"2025-10-09T10:32:02.409Z"}
{"level":"info","message":"Identity Service running on port 3002","service":"post-service","timestamp":"2025-10-09T10:32:49.186Z"}
{"level":"info","message":"Connected to MongoDB","service":"post-service","timestamp":"2025-10-09T10:32:49.211Z"}
{"level":"info","message":"Identity Service running on port 3002","service":"post-service","timestamp":"2025-10-09T10:32:53.780Z"}
{"level":"info","message":"Connected to MongoDB","service":"post-service","timestamp":"2025-10-09T10:32:53.818Z"}
{"level":"info","message":"Identity Service running on port 3002","service":"post-service","timestamp":"2025-10-09T10:33:01.676Z"}
{"level":"info","message":"Connected to MongoDB","service":"post-service","timestamp":"2025-10-09T10:33:01.707Z"}
{"level":"info","message":"Identity Service running on port 3002","service":"post-service","timestamp":"2025-10-09T10:37:34.419Z"}
{"level":"info","message":"Connected to MongoDB","service":"post-service","timestamp":"2025-10-09T10:37:34.460Z"}
{"level":"info","message":"Received POST request to /api/posts/create-post","service":"post-service","timestamp":"2025-10-09T10:37:52.162Z"}
{"content":"","level":"info","message":"Request Body:","service":"post-service","timestamp":"2025-10-09T10:37:52.163Z"}
{"level":"info","message":"Create Post endpoint hit","service":"post-service","timestamp":"2025-10-09T10:37:52.165Z"}
{"0":"\"","1":"u","10":" ","11":"i","12":"s","13":" ","14":"r","15":"e","16":"q","17":"u","18":"i","19":"r","2":"s","20":"e","21":"d","3":"e","4":"r","5":"n","6":"a","7":"m","8":"e","9":"\"","level":"warn","message":"Validation error","service":"post-service","timestamp":"2025-10-09T10:37:52.171Z"}
{"level":"info","message":"Identity Service running on port 3002","service":"post-service","timestamp":"2025-10-09T10:38:06.653Z"}
{"level":"info","message":"Connected to MongoDB","service":"post-service","timestamp":"2025-10-09T10:38:06.750Z"}
{"level":"info","message":"Received POST request to /api/posts/create-post","service":"post-service","timestamp":"2025-10-09T10:38:08.679Z"}
{"content":"","level":"info","message":"Request Body:","service":"post-service","timestamp":"2025-10-09T10:38:08.680Z"}
{"level":"info","message":"Create Post endpoint hit","service":"post-service","timestamp":"2025-10-09T10:38:08.681Z"}
{"0":"\"","1":"c","10":"i","11":"s","12":" ","13":"n","14":"o","15":"t","16":" ","17":"a","18":"l","19":"l","2":"o","20":"o","21":"w","22":"e","23":"d","24":" ","25":"t","26":"o","27":" ","28":"b","29":"e","3":"n","30":" ","31":"e","32":"m","33":"p","34":"t","35":"y","4":"t","5":"e","6":"n","7":"t","8":"\"","9":" ","level":"warn","message":"Validation error","service":"post-service","timestamp":"2025-10-09T10:38:08.687Z"}
{"level":"info","message":"Received POST request to /api/posts/create-post","service":"post-service","timestamp":"2025-10-09T10:38:21.524Z"}
{"content":"new Post is created","level":"info","message":"Request Body:","service":"post-service","timestamp":"2025-10-09T10:38:21.524Z"}
{"level":"info","message":"Create Post endpoint hit","service":"post-service","timestamp":"2025-10-09T10:38:21.525Z"}
{"$__":{"$versionError":null,"activePaths":{"paths":{"content":"require","user":"require"},"states":{"default":{},"modify":{},"require":{"content":true,"user":true}}},"backup":{"activePaths":{"default":{"_id":true,"createdAt":true,"mediaIds":true},"modify":{"content":true,"updatedAt":true,"user":true}},"validationError":null},"cachedRequired":{},"inserting":true,"op":null,"saveOptions":null,"savedState":{},"saving":null,"validating":null},"$isNew":false,"_doc":{"__v":0,"_id":"68e7909def6ce5ba8072340c","content":"new Post is created","createdAt":"2025-10-09T10:38:21.530Z","mediaIds":[],"updatedAt":"2025-10-09T10:38:21.530Z","user":"68e1723acc2feb1b3afccce3"},"level":"info","message":"Post created successfully","service":"post-service","timestamp":"2025-10-09T10:38:21.545Z"}
{"level":"info","message":"Identity Service running on port 3002","service":"post-service","timestamp":"2025-10-09T10:44:18.975Z"}
{"level":"info","message":"Connected to MongoDB","service":"post-service","timestamp":"2025-10-09T10:44:19.013Z"}
{"level":"info","message":"Identity Service running on port 3002","service":"post-service","timestamp":"2025-10-09T10:46:30.941Z"}
{"level":"info","message":"Connected to MongoDB","service":"post-service","timestamp":"2025-10-09T10:46:30.974Z"}
{"level":"info","message":"Identity Service running on port 3002","service":"post-service","timestamp":"2025-10-09T10:48:06.557Z"}
{"level":"info","message":"Connected to MongoDB","service":"post-service","timestamp":"2025-10-09T10:48:06.596Z"}
{"level":"info","message":"Identity Service running on port 3002","service":"post-service","timestamp":"2025-10-09T10:59:10.152Z"}
{"level":"info","message":"Connected to MongoDB","service":"post-service","timestamp":"2025-10-09T10:59:10.209Z"}
{"level":"info","message":"Identity Service running on port 3002","service":"post-service","timestamp":"2025-10-09T11:08:10.677Z"}
{"level":"info","message":"Connected to MongoDB","service":"post-service","timestamp":"2025-10-09T11:08:10.701Z"}
{"level":"info","message":"Received GET request to /api/posts/all-posts","service":"post-service","timestamp":"2025-10-09T11:11:39.882Z"}
{"content":"new Post is created","level":"info","message":"Request Body:","service":"post-service","timestamp":"2025-10-09T11:11:39.883Z"}
{"level":"info","message":"Fetching Posts endpoint hit","service":"post-service","timestamp":"2025-10-09T11:11:39.884Z"}
{"level":"info","message":"Received GET request to /api/posts/all-posts","service":"post-service","timestamp":"2025-10-09T11:12:22.018Z"}
{"content":"new Post is created","level":"info","message":"Request Body:","service":"post-service","timestamp":"2025-10-09T11:12:22.018Z"}
{"level":"info","message":"Fetching Posts endpoint hit","service":"post-service","timestamp":"2025-10-09T11:12:22.018Z"}
{"level":"info","message":"Received GET request to /api/posts/all-posts","service":"post-service","timestamp":"2025-10-09T11:12:23.087Z"}
{"content":"new Post is created","level":"info","message":"Request Body:","service":"post-service","timestamp":"2025-10-09T11:12:23.088Z"}
{"level":"info","message":"Fetching Posts endpoint hit","service":"post-service","timestamp":"2025-10-09T11:12:23.088Z"}
{"level":"info","message":"Received GET request to /api/posts/all-posts","service":"post-service","timestamp":"2025-10-09T11:12:23.942Z"}
{"content":"new Post is created","level":"info","message":"Request Body:","service":"post-service","timestamp":"2025-10-09T11:12:23.943Z"}
{"level":"info","message":"Fetching Posts endpoint hit","service":"post-service","timestamp":"2025-10-09T11:12:23.943Z"}
{"level":"info","message":"Received GET request to /api/posts/all-posts","service":"post-service","timestamp":"2025-10-09T11:12:24.706Z"}
{"content":"new Post is created","level":"info","message":"Request Body:","service":"post-service","timestamp":"2025-10-09T11:12:24.706Z"}
{"level":"info","message":"Fetching Posts endpoint hit","service":"post-service","timestamp":"2025-10-09T11:12:24.707Z"}
{"level":"info","message":"Received GET request to /api/posts/all-posts","service":"post-service","timestamp":"2025-10-09T11:12:25.536Z"}
{"content":"new Post is created","level":"info","message":"Request Body:","service":"post-service","timestamp":"2025-10-09T11:12:25.536Z"}
{"level":"info","message":"Fetching Posts endpoint hit","service":"post-service","timestamp":"2025-10-09T11:12:25.537Z"}
{"level":"info","message":"Received GET request to /api/posts/all-posts","service":"post-service","timestamp":"2025-10-09T11:12:26.482Z"}
{"content":"new Post is created","level":"info","message":"Request Body:","service":"post-service","timestamp":"2025-10-09T11:12:26.483Z"}
{"level":"info","message":"Fetching Posts endpoint hit","service":"post-service","timestamp":"2025-10-09T11:12:26.483Z"}
{"level":"info","message":"Received GET request to /api/posts/all-posts","service":"post-service","timestamp":"2025-10-09T11:12:27.327Z"}
{"content":"new Post is created","level":"info","message":"Request Body:","service":"post-service","timestamp":"2025-10-09T11:12:27.327Z"}
{"level":"info","message":"Fetching Posts endpoint hit","service":"post-service","timestamp":"2025-10-09T11:12:27.327Z"}
{"level":"info","message":"Received GET request to /api/posts/all-posts","service":"post-service","timestamp":"2025-10-09T11:12:28.129Z"}
{"content":"new Post is created","level":"info","message":"Request Body:","service":"post-service","timestamp":"2025-10-09T11:12:28.129Z"}
{"level":"info","message":"Fetching Posts endpoint hit","service":"post-service","timestamp":"2025-10-09T11:12:28.129Z"}
{"level":"info","message":"Received GET request to /api/posts/all-posts","service":"post-service","timestamp":"2025-10-09T11:12:28.935Z"}
{"content":"new Post is created","level":"info","message":"Request Body:","service":"post-service","timestamp":"2025-10-09T11:12:28.935Z"}
{"level":"info","message":"Fetching Posts endpoint hit","service":"post-service","timestamp":"2025-10-09T11:12:28.936Z"}
{"level":"info","message":"Identity Service running on port 3002","service":"post-service","timestamp":"2025-10-09T11:42:59.604Z"}
{"level":"info","message":"Connected to MongoDB","service":"post-service","timestamp":"2025-10-09T11:42:59.629Z"}
{"level":"info","message":"Identity Service running on port 3002","service":"post-service","timestamp":"2025-10-09T11:44:08.881Z"}
{"level":"info","message":"Connected to MongoDB","service":"post-service","timestamp":"2025-10-09T11:44:09.001Z"}
{"level":"info","message":"Identity Service running on port 3002","service":"post-service","timestamp":"2025-10-09T11:45:46.789Z"}
{"level":"info","message":"Connected to MongoDB","service":"post-service","timestamp":"2025-10-09T11:45:46.841Z"}
{"level":"info","message":"Identity Service running on port 3002","service":"post-service","timestamp":"2025-10-09T11:46:46.807Z"}
{"level":"info","message":"Connected to MongoDB","service":"post-service","timestamp":"2025-10-09T11:46:46.831Z"}
{"level":"info","message":"Received POST request to /api/posts/create-post","service":"post-service","timestamp":"2025-10-09T11:47:07.111Z"}
{"content":"new Post is created","level":"info","message":"Request Body:","service":"post-service","timestamp":"2025-10-09T11:47:07.113Z"}
{"level":"info","message":"Create Post endpoint hit","service":"post-service","timestamp":"2025-10-09T11:47:07.115Z"}
{"$__":{"$versionError":null,"activePaths":{"paths":{"content":"require","user":"require"},"states":{"default":{},"modify":{},"require":{"content":true,"user":true}}},"backup":{"activePaths":{"default":{"_id":true,"createdAt":true,"mediaIds":true},"modify":{"content":true,"updatedAt":true,"user":true}},"validationError":null},"cachedRequired":{},"inserting":true,"op":null,"saveOptions":null,"savedState":{},"saving":null,"validating":null},"$isNew":false,"_doc":{"__v":0,"_id":"68e7a0bb505db1635dd88fe4","content":"new Post is created","createdAt":"2025-10-09T11:47:07.131Z","mediaIds":[],"updatedAt":"2025-10-09T11:47:07.131Z","user":"68e1723acc2feb1b3afccce3"},"level":"info","message":"Post created successfully","service":"post-service","timestamp":"2025-10-09T11:47:07.148Z"}
{"level":"info","message":"Received GET request to /api/posts/all-post","service":"post-service","timestamp":"2025-10-09T11:47:21.488Z"}
{"content":"new Post is created","level":"info","message":"Request Body:","service":"post-service","timestamp":"2025-10-09T11:47:21.488Z"}
{"level":"info","message":"Received GET request to /api/posts/all-posts","service":"post-service","timestamp":"2025-10-09T11:47:38.700Z"}
{"content":"new Post is created","level":"info","message":"Request Body:","service":"post-service","timestamp":"2025-10-09T11:47:38.700Z"}
{"level":"info","message":"Fetching Posts endpoint hit","service":"post-service","timestamp":"2025-10-09T11:47:38.701Z"}
{"level":"info","message":"Received GET request to /api/posts/all-posts?page=2","service":"post-service","timestamp":"2025-10-09T11:47:58.656Z"}
{"content":"new Post is created","level":"info","message":"Request Body:","service":"post-service","timestamp":"2025-10-09T11:47:58.657Z"}
{"level":"info","message":"Fetching Posts endpoint hit","service":"post-service","timestamp":"2025-10-09T11:47:58.657Z"}
{"level":"info","message":"Received GET request to /api/posts/all-posts?page=2","service":"post-service","timestamp":"2025-10-09T11:48:28.289Z"}
{"content":"new Post is created","level":"info","message":"Request Body:","service":"post-service","timestamp":"2025-10-09T11:48:28.290Z"}
{"level":"info","message":"Fetching Posts endpoint hit","service":"post-service","timestamp":"2025-10-09T11:48:28.290Z"}
{"level":"info","message":"Received GET request to /api/posts/all-posts?page=2","service":"post-service","timestamp":"2025-10-09T11:48:29.211Z"}
{"content":"new Post is created","level":"info","message":"Request Body:","service":"post-service","timestamp":"2025-10-09T11:48:29.211Z"}
{"level":"info","message":"Fetching Posts endpoint hit","service":"post-service","timestamp":"2025-10-09T11:48:29.212Z"}
{"level":"info","message":"Received GET request to /api/posts/all-posts?page=2","service":"post-service","timestamp":"2025-10-09T11:48:29.979Z"}
{"content":"new Post is created","level":"info","message":"Request Body:","service":"post-service","timestamp":"2025-10-09T11:48:29.980Z"}
{"level":"info","message":"Fetching Posts endpoint hit","service":"post-service","timestamp":"2025-10-09T11:48:29.980Z"}
{"level":"info","message":"Identity Service running on port 3002","service":"post-service","timestamp":"2025-10-09T11:51:05.833Z"}
{"level":"info","message":"Connected to MongoDB","service":"post-service","timestamp":"2025-10-09T11:51:05.897Z"}
{"level":"info","message":"Identity Service running on port 3002","service":"post-service","timestamp":"2025-10-09T11:51:23.129Z"}
{"level":"info","message":"Connected to MongoDB","service":"post-service","timestamp":"2025-10-09T11:51:23.169Z"}
{"level":"info","message":"Identity Service running on port 3002","service":"post-service","timestamp":"2025-10-09T11:52:11.053Z"}
{"level":"info","message":"Connected to MongoDB","service":"post-service","timestamp":"2025-10-09T11:52:11.095Z"}
{"level":"info","message":"Identity Service running on port 3002","service":"post-service","timestamp":"2025-10-09T11:52:22.191Z"}
{"level":"info","message":"Connected to MongoDB","service":"post-service","timestamp":"2025-10-09T11:52:22.239Z"}
{"level":"info","message":"Identity Service running on port 3002","service":"post-service","timestamp":"2025-10-09T11:52:42.483Z"}
{"level":"info","message":"Connected to MongoDB","service":"post-service","timestamp":"2025-10-09T11:52:42.562Z"}
{"level":"info","message":"Received GET request to /api/posts/all-posts?page=1","service":"post-service","timestamp":"2025-10-09T11:52:46.934Z"}
{"content":"new Post is created","level":"info","message":"Request Body:","service":"post-service","timestamp":"2025-10-09T11:52:46.935Z"}
{"level":"info","message":"Fetching Posts endpoint hit","service":"post-service","timestamp":"2025-10-09T11:52:46.937Z"}
{"level":"info","message":"Received GET request to /api/posts/single-post/68e7a0bb505db1635dd88fe4","service":"post-service","timestamp":"2025-10-09T11:53:24.708Z"}
{"content":"new Post is created","level":"info","message":"Request Body:","service":"post-service","timestamp":"2025-10-09T11:53:24.709Z"}
{"level":"info","message":"Identity Service running on port 3002","service":"post-service","timestamp":"2025-10-09T11:53:34.961Z"}
{"level":"info","message":"Connected to MongoDB","service":"post-service","timestamp":"2025-10-09T11:53:34.995Z"}
{"level":"info","message":"Received GET request to /api/posts/single-post/68e7a0bb505db1635dd88fe4","service":"post-service","timestamp":"2025-10-09T11:53:37.282Z"}
{"content":"new Post is created","level":"info","message":"Request Body:","service":"post-service","timestamp":"2025-10-09T11:53:37.282Z"}
{"level":"info","message":"Get post endpoint hit","service":"post-service","timestamp":"2025-10-09T11:53:37.283Z"}
{"command":{"args":["post:68e7a0bb505db1635dd88fe4","{\"_id\":\"68e7a0bb505db1635dd88fe4\",\"user\":\"68e1723acc2feb1b3afccce3\",\"content\":\"new Post is created\",\"mediaIds\":[],\"createdAt\":\"2025-10-09T11:47:07.131Z\",\"updatedAt\":\"2025-10-09T11:47:07.131Z\",\"__v\":0}"],"name":"setex"},"level":"error","message":"Error getting post ERR wrong number of arguments for 'setex' command","service":"post-service","stack":"ReplyError: ERR wrong number of arguments for 'setex' command\n    at parseError (E:\\Node-Js Projects advance\\Node-Js\\projects\\SOCIAL-MEDIA-MICROSERVICES\\post-service\\node_modules\\redis-parser\\lib\\parser.js:179:12)\n    at parseType (E:\\Node-Js Projects advance\\Node-Js\\projects\\SOCIAL-MEDIA-MICROSERVICES\\post-service\\node_modules\\redis-parser\\lib\\parser.js:302:14)","timestamp":"2025-10-09T11:53:37.302Z"}
{"level":"info","message":"Identity Service running on port 3002","service":"post-service","timestamp":"2025-10-09T11:53:57.455Z"}
{"level":"info","message":"Connected to MongoDB","service":"post-service","timestamp":"2025-10-09T11:53:57.483Z"}
{"level":"info","message":"Received GET request to /api/posts/68e7a0bb505db1635dd88fe4","service":"post-service","timestamp":"2025-10-09T11:54:09.037Z"}
{"content":"new Post is created","level":"info","message":"Request Body:","service":"post-service","timestamp":"2025-10-09T11:54:09.038Z"}
{"level":"info","message":"Get post endpoint hit","service":"post-service","timestamp":"2025-10-09T11:54:09.039Z"}
{"command":{"args":["post:68e7a0bb505db1635dd88fe4","{\"_id\":\"68e7a0bb505db1635dd88fe4\",\"user\":\"68e1723acc2feb1b3afccce3\",\"content\":\"new Post is created\",\"mediaIds\":[],\"createdAt\":\"2025-10-09T11:47:07.131Z\",\"updatedAt\":\"2025-10-09T11:47:07.131Z\",\"__v\":0}"],"name":"setex"},"level":"error","message":"Error getting post ERR wrong number of arguments for 'setex' command","service":"post-service","stack":"ReplyError: ERR wrong number of arguments for 'setex' command\n    at parseError (E:\\Node-Js Projects advance\\Node-Js\\projects\\SOCIAL-MEDIA-MICROSERVICES\\post-service\\node_modules\\redis-parser\\lib\\parser.js:179:12)\n    at parseType (E:\\Node-Js Projects advance\\Node-Js\\projects\\SOCIAL-MEDIA-MICROSERVICES\\post-service\\node_modules\\redis-parser\\lib\\parser.js:302:14)","timestamp":"2025-10-09T11:54:09.057Z"}
{"level":"info","message":"Identity Service running on port 3002","service":"post-service","timestamp":"2025-10-09T11:55:29.332Z"}
{"level":"info","message":"Connected to MongoDB","service":"post-service","timestamp":"2025-10-09T11:55:29.408Z"}
{"level":"info","message":"Received GET request to /api/posts/68e7a0bb505db1635dd88fe4","service":"post-service","timestamp":"2025-10-09T11:55:31.275Z"}
{"content":"new Post is created","level":"info","message":"Request Body:","service":"post-service","timestamp":"2025-10-09T11:55:31.276Z"}
{"level":"info","message":"Get post endpoint hit","service":"post-service","timestamp":"2025-10-09T11:55:31.277Z"}
{"level":"info","message":"Identity Service running on port 3002","service":"post-service","timestamp":"2025-10-09T12:00:07.141Z"}
{"level":"info","message":"Connected to MongoDB","service":"post-service","timestamp":"2025-10-09T12:00:07.209Z"}
{"level":"info","message":"Identity Service running on port 3002","service":"post-service","timestamp":"2025-10-09T12:00:10.645Z"}
{"level":"info","message":"Connected to MongoDB","service":"post-service","timestamp":"2025-10-09T12:00:10.687Z"}
{"level":"info","message":"Identity Service running on port 3002","service":"post-service","timestamp":"2025-10-09T12:00:15.859Z"}
{"level":"info","message":"Connected to MongoDB","service":"post-service","timestamp":"2025-10-09T12:00:15.895Z"}
{"level":"info","message":"Identity Service running on port 3002","service":"post-service","timestamp":"2025-10-09T12:01:27.190Z"}
{"level":"info","message":"Connected to MongoDB","service":"post-service","timestamp":"2025-10-09T12:01:27.226Z"}
{"level":"info","message":"Identity Service running on port 3002","service":"post-service","timestamp":"2025-10-09T12:01:42.798Z"}
{"level":"info","message":"Connected to MongoDB","service":"post-service","timestamp":"2025-10-09T12:01:42.901Z"}
{"level":"info","message":"Identity Service running on port 3002","service":"post-service","timestamp":"2025-10-09T12:02:11.515Z"}
{"level":"info","message":"Connected to MongoDB","service":"post-service","timestamp":"2025-10-09T12:02:11.600Z"}
{"level":"info","message":"Identity Service running on port 3002","service":"post-service","timestamp":"2025-10-09T12:02:16.209Z"}
{"level":"info","message":"Connected to MongoDB","service":"post-service","timestamp":"2025-10-09T12:02:16.248Z"}
{"level":"info","message":"Received DELETE request to /api/posts/68e7a0bb505db1635dd88fe4","service":"post-service","timestamp":"2025-10-09T12:02:23.098Z"}
{"content":"new Post is created","level":"info","message":"Request Body:","service":"post-service","timestamp":"2025-10-09T12:02:23.099Z"}
{"level":"info","message":"Delete post endpoint hit","service":"post-service","timestamp":"2025-10-09T12:02:23.101Z"}
{"level":"info","message":"Received DELETE request to /api/posts/all-posts","service":"post-service","timestamp":"2025-10-09T12:02:33.840Z"}
{"content":"new Post is created","level":"info","message":"Request Body:","service":"post-service","timestamp":"2025-10-09T12:02:33.840Z"}
{"level":"info","message":"Delete post endpoint hit","service":"post-service","timestamp":"2025-10-09T12:02:33.841Z"}
{"kind":"ObjectId","level":"error","message":"Error deleting post Cast to ObjectId failed for value \"all-posts\" (type string) at path \"_id\" for model \"Post\"","path":"_id","reason":{},"service":"post-service","stack":"CastError: Cast to ObjectId failed for value \"all-posts\" (type string) at path \"_id\" for model \"Post\"\n    at SchemaObjectId.cast (E:\\Node-Js Projects advance\\Node-Js\\projects\\SOCIAL-MEDIA-MICROSERVICES\\post-service\\node_modules\\mongoose\\lib\\schema\\objectId.js:251:11)\n    at SchemaType.applySetters (E:\\Node-Js Projects advance\\Node-Js\\projects\\SOCIAL-MEDIA-MICROSERVICES\\post-service\\node_modules\\mongoose\\lib\\schemaType.js:1259:12)\n    at SchemaType.castForQuery (E:\\Node-Js Projects advance\\Node-Js\\projects\\SOCIAL-MEDIA-MICROSERVICES\\post-service\\node_modules\\mongoose\\lib\\schemaType.js:1695:17)\n    at cast (E:\\Node-Js Projects advance\\Node-Js\\projects\\SOCIAL-MEDIA-MICROSERVICES\\post-service\\node_modules\\mongoose\\lib\\cast.js:390:32)\n    at Query.cast (E:\\Node-Js Projects advance\\Node-Js\\projects\\SOCIAL-MEDIA-MICROSERVICES\\post-service\\node_modules\\mongoose\\lib\\query.js:5060:12)\n    at Query._castConditions (E:\\Node-Js Projects advance\\Node-Js\\projects\\SOCIAL-MEDIA-MICROSERVICES\\post-service\\node_modules\\mongoose\\lib\\query.js:2374:10)\n    at model.Query._findOneAndDelete (E:\\Node-Js Projects advance\\Node-Js\\projects\\SOCIAL-MEDIA-MICROSERVICES\\post-service\\node_modules\\mongoose\\lib\\query.js:3616:8)\n    at model.Query.exec (E:\\Node-Js Projects advance\\Node-Js\\projects\\SOCIAL-MEDIA-MICROSERVICES\\post-service\\node_modules\\mongoose\\lib\\query.js:4627:80)\n    at process.processTicksAndRejections (node:internal/process/task_queues:95:5)\n    at async deletePost (E:\\Node-Js Projects advance\\Node-Js\\projects\\SOCIAL-MEDIA-MICROSERVICES\\post-service\\src\\controllers\\post-controller.js:121:20)","stringValue":"\"all-posts\"","timestamp":"2025-10-09T12:02:33.845Z","value":"all-posts","valueType":"string"}
{"level":"info","message":"Received GET request to /api/posts/all-posts","service":"post-service","timestamp":"2025-10-09T12:02:40.178Z"}
{"content":"new Post is created","level":"info","message":"Request Body:","service":"post-service","timestamp":"2025-10-09T12:02:40.179Z"}
{"level":"info","message":"Fetching Posts endpoint hit","service":"post-service","timestamp":"2025-10-09T12:02:40.179Z"}
{"level":"info","message":"Received GET request to /api/posts/68e7a0bb505db1635dd88fe4","service":"post-service","timestamp":"2025-10-09T12:02:54.644Z"}
{"content":"new Post is created","level":"info","message":"Request Body:","service":"post-service","timestamp":"2025-10-09T12:02:54.644Z"}
{"level":"info","message":"Get post endpoint hit","service":"post-service","timestamp":"2025-10-09T12:02:54.645Z"}
{"level":"info","message":"Identity Service running on port 3002","service":"post-service","timestamp":"2025-10-09T12:05:51.491Z"}
{"level":"info","message":"Connected to MongoDB","service":"post-service","timestamp":"2025-10-09T12:05:51.538Z"}
{"level":"info","message":"Identity Service running on port 3002","service":"post-service","timestamp":"2025-10-10T13:20:02.898Z"}
{"level":"info","message":"Connected to MongoDB","service":"post-service","timestamp":"2025-10-10T13:20:02.932Z"}
{"level":"info","message":"Identity Service running on port 3002","service":"post-service","timestamp":"2025-10-14T07:05:56.173Z"}
{"level":"info","message":"Connected to MongoDB","service":"post-service","timestamp":"2025-10-14T07:05:56.233Z"}
{"level":"info","message":"Identity Service running on port 3002","service":"post-service","timestamp":"2025-10-14T07:34:27.205Z"}
{"level":"info","message":"Connected to MongoDB","service":"post-service","timestamp":"2025-10-14T07:34:27.230Z"}
{"level":"info","message":"Identity Service running on port 3002","service":"post-service","timestamp":"2025-10-14T07:36:15.618Z"}
{"level":"info","message":"Connected to MongoDB","service":"post-service","timestamp":"2025-10-14T07:36:15.645Z"}
{"level":"info","message":"Identity Service running on port 3002","service":"post-service","timestamp":"2025-10-14T07:41:36.290Z"}
{"level":"info","message":"Connected to MongoDB","service":"post-service","timestamp":"2025-10-14T07:41:36.318Z"}
{"level":"info","message":"Identity Service running on port 3002","service":"post-service","timestamp":"2025-10-14T07:43:54.207Z"}
{"level":"info","message":"Connected to MongoDB","service":"post-service","timestamp":"2025-10-14T07:43:54.233Z"}
{"level":"info","message":"Identity Service running on port 3002","service":"post-service","timestamp":"2025-10-14T07:46:50.639Z"}
{"level":"info","message":"Connected to MongoDB","service":"post-service","timestamp":"2025-10-14T07:46:50.666Z"}
{"level":"info","message":"Identity Service running on port 3002","service":"post-service","timestamp":"2025-10-14T07:47:29.271Z"}
{"level":"info","message":"Connected to MongoDB","service":"post-service","timestamp":"2025-10-14T07:47:29.296Z"}
{"level":"info","message":"Connected to MongoDB","service":"post-service","timestamp":"2025-10-14T07:49:08.789Z"}
{"level":"info","message":"Connected to MongoDB","service":"post-service","timestamp":"2025-10-14T07:49:15.495Z"}
{"level":"info","message":"Connected to rabbit mq","service":"post-service","timestamp":"2025-10-14T07:49:15.568Z"}
{"level":"info","message":"Identity Service running on port 3002","service":"post-service","timestamp":"2025-10-14T07:49:15.575Z"}
{"level":"info","message":"Connected to MongoDB","service":"post-service","timestamp":"2025-10-14T09:33:12.971Z"}
{"level":"info","message":"Connected to rabbit mq","service":"post-service","timestamp":"2025-10-14T09:33:13.052Z"}
{"level":"info","message":"Identity Service running on port 3002","service":"post-service","timestamp":"2025-10-14T09:33:13.059Z"}
{"level":"info","message":"Connected to MongoDB","service":"post-service","timestamp":"2025-10-14T09:33:15.431Z"}
{"level":"info","message":"Connected to rabbit mq","service":"post-service","timestamp":"2025-10-14T09:33:15.503Z"}
{"level":"info","message":"Identity Service running on port 3002","service":"post-service","timestamp":"2025-10-14T09:33:15.508Z"}
{"level":"info","message":"Connected to MongoDB","service":"post-service","timestamp":"2025-10-14T09:33:20.255Z"}
{"level":"info","message":"Connected to rabbit mq","service":"post-service","timestamp":"2025-10-14T09:33:20.338Z"}
{"level":"info","message":"Identity Service running on port 3002","service":"post-service","timestamp":"2025-10-14T09:33:20.345Z"}
{"level":"info","message":"Connected to MongoDB","service":"post-service","timestamp":"2025-10-14T09:35:39.547Z"}
{"level":"info","message":"Connected to rabbit mq","service":"post-service","timestamp":"2025-10-14T09:35:39.633Z"}
{"level":"info","message":"Identity Service running on port 3002","service":"post-service","timestamp":"2025-10-14T09:35:39.640Z"}
{"level":"info","message":"Connected to MongoDB","service":"post-service","timestamp":"2025-10-14T09:36:22.554Z"}
{"level":"info","message":"Connected to rabbit mq","service":"post-service","timestamp":"2025-10-14T09:36:22.622Z"}
{"level":"info","message":"Identity Service running on port 3002","service":"post-service","timestamp":"2025-10-14T09:36:22.627Z"}
{"level":"info","message":"Received POST request to /api/posts/create-post","service":"post-service","timestamp":"2025-10-14T09:38:21.126Z"}
{"content":"This is the post created with media","level":"info","mediaIds":["68edf8170adb7367b47ce5fe"],"message":"Request Body:","service":"post-service","timestamp":"2025-10-14T09:38:21.128Z"}
{"level":"info","message":"Create Post endpoint hit","service":"post-service","timestamp":"2025-10-14T09:38:21.131Z"}
{"$__":{"$versionError":null,"activePaths":{"paths":{"content":"require","user":"require"},"states":{"default":{},"modify":{},"require":{"content":true,"user":true}}},"backup":{"activePaths":{"default":{"_id":true,"createdAt":true},"modify":{"content":true,"mediaIds":true,"updatedAt":true,"user":true}},"validationError":null},"cachedRequired":{},"inserting":true,"op":null,"pathsToScopes":{"mediaIds":{"__v":0,"_id":"68ee1a0da9f269c5ab2b270d","content":"This is the post created with media","createdAt":"2025-10-14T09:38:21.160Z","mediaIds":["68edf8170adb7367b47ce5fe"],"updatedAt":"2025-10-14T09:38:21.160Z","user":"68e1723acc2feb1b3afccce3"}},"saveOptions":null,"savedState":{},"saving":null,"validating":null},"$isNew":false,"_doc":{"__v":0,"_id":"68ee1a0da9f269c5ab2b270d","content":"This is the post created with media","createdAt":"2025-10-14T09:38:21.160Z","mediaIds":["68edf8170adb7367b47ce5fe"],"updatedAt":"2025-10-14T09:38:21.160Z","user":"68e1723acc2feb1b3afccce3"},"level":"info","message":"Post created successfully","service":"post-service","timestamp":"2025-10-14T09:38:21.414Z"}
{"level":"info","message":"Connected to MongoDB","service":"post-service","timestamp":"2025-10-14T09:40:47.536Z"}
{"level":"info","message":"Connected to rabbit mq","service":"post-service","timestamp":"2025-10-14T09:40:47.626Z"}
{"level":"info","message":"Identity Service running on port 3002","service":"post-service","timestamp":"2025-10-14T09:40:47.635Z"}
{"level":"info","message":"Received GET request to /api/posts/all-posts","service":"post-service","timestamp":"2025-10-14T16:34:52.274Z"}
{"level":"info","message":"Request Body:","service":"post-service","timestamp":"2025-10-14T16:34:52.276Z"}
{"level":"info","message":"Fetching Posts endpoint hit","service":"post-service","timestamp":"2025-10-14T16:34:52.278Z"}
{"level":"info","message":"Received DELETE request to /api/posts/68ee1a0da9f269c5ab2b270d","service":"post-service","timestamp":"2025-10-14T16:37:19.298Z"}
{"level":"info","message":"Request Body:","service":"post-service","timestamp":"2025-10-14T16:37:19.298Z"}
{"level":"info","message":"Delete post endpoint hit","service":"post-service","timestamp":"2025-10-14T16:37:19.300Z"}
{"level":"info","message":"Event published: post.deleted","service":"post-service","timestamp":"2025-10-14T16:37:19.321Z"}
{"level":"info","message":"Received DELETE request to /api/posts/create-post","service":"post-service","timestamp":"2025-10-14T16:53:03.819Z"}
{"content":"New Post has been created 2025","level":"info","mediaIds":["68ee7fb700fdad6fa8f06dc9"],"message":"Request Body:","service":"post-service","timestamp":"2025-10-14T16:53:03.820Z"}
{"level":"info","message":"Delete post endpoint hit","service":"post-service","timestamp":"2025-10-14T16:53:03.820Z"}
{"kind":"ObjectId","level":"error","message":"Error deleting post Cast to ObjectId failed for value \"create-post\" (type string) at path \"_id\" for model \"Post\"","path":"_id","reason":{},"service":"post-service","stack":"CastError: Cast to ObjectId failed for value \"create-post\" (type string) at path \"_id\" for model \"Post\"\n    at SchemaObjectId.cast (E:\\Node-Js Projects advance\\Node-Js\\projects\\SOCIAL-MEDIA-MICROSERVICES\\post-service\\node_modules\\mongoose\\lib\\schema\\objectId.js:251:11)\n    at SchemaType.applySetters (E:\\Node-Js Projects advance\\Node-Js\\projects\\SOCIAL-MEDIA-MICROSERVICES\\post-service\\node_modules\\mongoose\\lib\\schemaType.js:1259:12)\n    at SchemaType.castForQuery (E:\\Node-Js Projects advance\\Node-Js\\projects\\SOCIAL-MEDIA-MICROSERVICES\\post-service\\node_modules\\mongoose\\lib\\schemaType.js:1695:17)\n    at cast (E:\\Node-Js Projects advance\\Node-Js\\projects\\SOCIAL-MEDIA-MICROSERVICES\\post-service\\node_modules\\mongoose\\lib\\cast.js:390:32)\n    at Query.cast (E:\\Node-Js Projects advance\\Node-Js\\projects\\SOCIAL-MEDIA-MICROSERVICES\\post-service\\node_modules\\mongoose\\lib\\query.js:5060:12)\n    at Query._castConditions (E:\\Node-Js Projects advance\\Node-Js\\projects\\SOCIAL-MEDIA-MICROSERVICES\\post-service\\node_modules\\mongoose\\lib\\query.js:2374:10)\n    at model.Query._findOneAndDelete (E:\\Node-Js Projects advance\\Node-Js\\projects\\SOCIAL-MEDIA-MICROSERVICES\\post-service\\node_modules\\mongoose\\lib\\query.js:3616:8)\n    at model.Query.exec (E:\\Node-Js Projects advance\\Node-Js\\projects\\SOCIAL-MEDIA-MICROSERVICES\\post-service\\node_modules\\mongoose\\lib\\query.js:4627:80)\n    at process.processTicksAndRejections (node:internal/process/task_queues:95:5)\n    at async deletePost (E:\\Node-Js Projects advance\\Node-Js\\projects\\SOCIAL-MEDIA-MICROSERVICES\\post-service\\src\\controllers\\post-controller.js:122:22)","stringValue":"\"create-post\"","timestamp":"2025-10-14T16:53:03.824Z","value":"create-post","valueType":"string"}
{"level":"info","message":"Received POST request to /api/posts/create-post","service":"post-service","timestamp":"2025-10-14T16:53:11.557Z"}
{"content":"New Post has been created 2025","level":"info","mediaIds":["68ee7fb700fdad6fa8f06dc9"],"message":"Request Body:","service":"post-service","timestamp":"2025-10-14T16:53:11.557Z"}
{"level":"info","message":"Create Post endpoint hit","service":"post-service","timestamp":"2025-10-14T16:53:11.558Z"}
{"$__":{"$versionError":null,"activePaths":{"paths":{"content":"require","user":"require"},"states":{"default":{},"modify":{},"require":{"content":true,"user":true}}},"backup":{"activePaths":{"default":{"_id":true,"createdAt":true},"modify":{"content":true,"mediaIds":true,"updatedAt":true,"user":true}},"validationError":null},"cachedRequired":{},"inserting":true,"op":null,"pathsToScopes":{"mediaIds":{"__v":0,"_id":"68ee7ff7b907ec752d664fad","content":"New Post has been created 2025","createdAt":"2025-10-14T16:53:11.576Z","mediaIds":["68ee7fb700fdad6fa8f06dc9"],"updatedAt":"2025-10-14T16:53:11.576Z","user":"68e1723acc2feb1b3afccce3"}},"saveOptions":null,"savedState":{},"saving":null,"validating":null},"$isNew":false,"_doc":{"__v":0,"_id":"68ee7ff7b907ec752d664fad","content":"New Post has been created 2025","createdAt":"2025-10-14T16:53:11.576Z","mediaIds":["68ee7fb700fdad6fa8f06dc9"],"updatedAt":"2025-10-14T16:53:11.576Z","user":"68e1723acc2feb1b3afccce3"},"level":"info","message":"Post created successfully","service":"post-service","timestamp":"2025-10-14T16:53:11.588Z"}
{"level":"info","message":"Received GET request to /api/posts/all-posts","service":"post-service","timestamp":"2025-10-14T16:53:27.135Z"}
{"content":"New Post has been created 2025","level":"info","mediaIds":["68ee7fb700fdad6fa8f06dc9"],"message":"Request Body:","service":"post-service","timestamp":"2025-10-14T16:53:27.135Z"}
{"level":"info","message":"Fetching Posts endpoint hit","service":"post-service","timestamp":"2025-10-14T16:53:27.135Z"}
{"level":"info","message":"Received DELETE request to /api/posts/68ee7ff7b907ec752d664fad","service":"post-service","timestamp":"2025-10-14T16:54:08.024Z"}
{"content":"New Post has been created 2025","level":"info","mediaIds":["68ee7fb700fdad6fa8f06dc9"],"message":"Request Body:","service":"post-service","timestamp":"2025-10-14T16:54:08.024Z"}
{"level":"info","message":"Delete post endpoint hit","service":"post-service","timestamp":"2025-10-14T16:54:08.025Z"}
{"level":"info","message":"Event published: post.deleted","service":"post-service","timestamp":"2025-10-14T16:54:08.028Z"}
{"level":"info","message":"Received GET request to /api/posts/all-posts","service":"post-service","timestamp":"2025-10-14T16:58:18.910Z"}
{"content":"New Post has been created 2025","level":"info","mediaIds":["68ee7fb700fdad6fa8f06dc9"],"message":"Request Body:","service":"post-service","timestamp":"2025-10-14T16:58:18.910Z"}
{"level":"info","message":"Fetching Posts endpoint hit","service":"post-service","timestamp":"2025-10-14T16:58:18.910Z"}
{"level":"info","message":"Received POST request to /api/posts/create-post","service":"post-service","timestamp":"2025-10-14T16:59:11.651Z"}
{"content":"New Post has been created 2025","level":"info","mediaIds":["68edf8170adb7367b47ce5fe"],"message":"Request Body:","service":"post-service","timestamp":"2025-10-14T16:59:11.651Z"}
{"level":"info","message":"Create Post endpoint hit","service":"post-service","timestamp":"2025-10-14T16:59:11.652Z"}
{"$__":{"$versionError":null,"activePaths":{"paths":{"content":"require","user":"require"},"states":{"default":{},"modify":{},"require":{"content":true,"user":true}}},"backup":{"activePaths":{"default":{"_id":true,"createdAt":true},"modify":{"content":true,"mediaIds":true,"updatedAt":true,"user":true}},"validationError":null},"cachedRequired":{},"inserting":true,"op":null,"pathsToScopes":{"mediaIds":{"__v":0,"_id":"68ee815fb907ec752d664fb4","content":"New Post has been created 2025","createdAt":"2025-10-14T16:59:11.654Z","mediaIds":["68edf8170adb7367b47ce5fe"],"updatedAt":"2025-10-14T16:59:11.654Z","user":"68e1723acc2feb1b3afccce3"}},"saveOptions":null,"savedState":{},"saving":null,"validating":null},"$isNew":false,"_doc":{"__v":0,"_id":"68ee815fb907ec752d664fb4","content":"New Post has been created 2025","createdAt":"2025-10-14T16:59:11.654Z","mediaIds":["68edf8170adb7367b47ce5fe"],"updatedAt":"2025-10-14T16:59:11.654Z","user":"68e1723acc2feb1b3afccce3"},"level":"info","message":"Post created successfully","service":"post-service","timestamp":"2025-10-14T16:59:11.658Z"}
{"level":"info","message":"Received GET request to /api/posts/all-posts","service":"post-service","timestamp":"2025-10-14T16:59:27.163Z"}
{"content":"New Post has been created 2025","level":"info","mediaIds":["68edf8170adb7367b47ce5fe"],"message":"Request Body:","service":"post-service","timestamp":"2025-10-14T16:59:27.163Z"}
{"level":"info","message":"Fetching Posts endpoint hit","service":"post-service","timestamp":"2025-10-14T16:59:27.163Z"}
{"level":"info","message":"Received DELETE request to /api/posts/68ee815fb907ec752d664fb4","service":"post-service","timestamp":"2025-10-14T16:59:55.695Z"}
{"content":"New Post has been created 2025","level":"info","mediaIds":["68edf8170adb7367b47ce5fe"],"message":"Request Body:","service":"post-service","timestamp":"2025-10-14T16:59:55.696Z"}
{"level":"info","message":"Delete post endpoint hit","service":"post-service","timestamp":"2025-10-14T16:59:55.696Z"}
{"level":"info","message":"Event published: post.deleted","service":"post-service","timestamp":"2025-10-14T16:59:55.700Z"}
